<?xml version="1.0" encoding="UTF-8"?>
<!-- Generated by org.testng.reporters.JUnitXMLReporter -->
<testsuite ignored="1" hostname="DESKTOP-2F27QMJ" failures="0" tests="1" name="Command line test" time="32.432" errors="0" timestamp="03 Mar 2022 13:53:24 GMT">
  <testcase classname="Staging.com.cybex.TestCases.CybexHomePageTest" name="Login_To_Application" time="13.734"/>
  <testcase classname="Staging.com.cybex.TestCases.CybexHomePageTest" name="Logout_from_The_Application" time="0.0">
    <ignored/>
  </testcase> <!-- Logout_from_The_Application -->
</testsuite> <!-- Command line test -->
